\BOOKMARK [0][-]{chapter*.1}{คำนำ}{}% 1
\BOOKMARK [0][-]{chapter.1}{วิถีของโปรแกรม}{}% 2
\BOOKMARK [1][-]{section.1.1}{อะไรคือโปรแกรม}{chapter.1}% 3
\BOOKMARK [1][-]{section.1.2}{การรันโปรแกรมไพธอน}{chapter.1}% 4
\BOOKMARK [1][-]{section.1.3}{โปรแกรมแรก}{chapter.1}% 5
\BOOKMARK [1][-]{section.1.4}{ตัวดำเนินการพีชคณิต}{chapter.1}% 6
\BOOKMARK [1][-]{section.1.5}{ค่าและชนิดข้อมูล}{chapter.1}% 7
\BOOKMARK [1][-]{section.1.6}{ภาษารูปนัยและภาษาธรรมชาติ}{chapter.1}% 8
\BOOKMARK [1][-]{section.1.7}{การดีบัก}{chapter.1}% 9
\BOOKMARK [1][-]{section.1.8}{อภิธานศัพท์}{chapter.1}% 10
\BOOKMARK [1][-]{section.1.9}{แบบฝึกหัด}{chapter.1}% 11
\BOOKMARK [0][-]{chapter.2}{ตัวแปร นิพจน์ และคำสั่ง}{}% 12
\BOOKMARK [1][-]{section.2.1}{คำสั่งที่ใช้ในการกำหนดค่า}{chapter.2}% 13
\BOOKMARK [1][-]{section.2.2}{ชื่อตัวแปร}{chapter.2}% 14
\BOOKMARK [1][-]{section.2.3}{นิพจน์และคำสั่ง}{chapter.2}% 15
\BOOKMARK [1][-]{section.2.4}{โหมดสคริปต์}{chapter.2}% 16
\BOOKMARK [1][-]{section.2.5}{ลำดับการดำเนินการ}{chapter.2}% 17
\BOOKMARK [1][-]{section.2.6}{การดำเนินการกับสายอักขระ}{chapter.2}% 18
\BOOKMARK [1][-]{section.2.7}{คอมเมนต์}{chapter.2}% 19
\BOOKMARK [1][-]{section.2.8}{การดีบัก}{chapter.2}% 20
\BOOKMARK [1][-]{section.2.9}{อภิธานศัพท์}{chapter.2}% 21
\BOOKMARK [1][-]{section.2.10}{แบบฝึกหัด}{chapter.2}% 22
\BOOKMARK [0][-]{chapter.3}{ฟังก์ชัน}{}% 23
\BOOKMARK [1][-]{section.3.1}{การเรียกฟังก์ชัน}{chapter.3}% 24
\BOOKMARK [1][-]{section.3.2}{ฟังก์ชันทางคณิตศาสตร์}{chapter.3}% 25
\BOOKMARK [1][-]{section.3.3}{การประกอบ}{chapter.3}% 26
\BOOKMARK [1][-]{section.3.4}{การเพิ่มฟังก์ชันใหม่}{chapter.3}% 27
\BOOKMARK [1][-]{section.3.5}{นิยามและการใช้งาน}{chapter.3}% 28
\BOOKMARK [1][-]{section.3.6}{กระแสการดำเนินการ}{chapter.3}% 29
\BOOKMARK [1][-]{section.3.7}{พารามิเตอร์และอาร์กิวเมนต์}{chapter.3}% 30
\BOOKMARK [1][-]{section.3.8}{ตัวแปรและพารามิเตอร์เป็นค่าเฉพาะที่}{chapter.3}% 31
\BOOKMARK [1][-]{section.3.9}{แผนภาพแบบกองซ้อน}{chapter.3}% 32
\BOOKMARK [1][-]{section.3.10}{ฟังก์ชันที่ให้ผลและฟังก์ชันที่ไม่ให้ผล}{chapter.3}% 33
\BOOKMARK [1][-]{section.3.11}{ทำไมต้องใช้ฟังก์ชัน}{chapter.3}% 34
\BOOKMARK [1][-]{section.3.12}{การดีบัก}{chapter.3}% 35
\BOOKMARK [1][-]{section.3.13}{อภิธานศัพท์}{chapter.3}% 36
\BOOKMARK [1][-]{section.3.14}{แบบฝึกหัด}{chapter.3}% 37
\BOOKMARK [0][-]{chapter.4}{กรณีศึกษา การออกแบบส่วนต่อประสานงาน}{}% 38
\BOOKMARK [1][-]{section.4.1}{มอดูล turtle}{chapter.4}% 39
\BOOKMARK [1][-]{section.4.2}{การทำซ้ำแบบง่าย ๆ}{chapter.4}% 40
\BOOKMARK [1][-]{section.4.3}{แบบฝึกหัด}{chapter.4}% 41
\BOOKMARK [1][-]{section.4.4}{การห่อหุ้ม}{chapter.4}% 42
\BOOKMARK [1][-]{section.4.5}{การทำให้ครอบคลุม}{chapter.4}% 43
\BOOKMARK [1][-]{section.4.6}{การออกแบบส่วนต่อประสานงาน}{chapter.4}% 44
\BOOKMARK [1][-]{section.4.7}{การปรับโครงสร้าง}{chapter.4}% 45
\BOOKMARK [1][-]{section.4.8}{แผนการพัฒนา}{chapter.4}% 46
\BOOKMARK [1][-]{section.4.9}{ด็อกสตริง}{chapter.4}% 47
\BOOKMARK [1][-]{section.4.10}{การดีบัก}{chapter.4}% 48
\BOOKMARK [1][-]{section.4.11}{อภิธานศัพท์}{chapter.4}% 49
\BOOKMARK [1][-]{section.4.12}{แบบฝึกหัด}{chapter.4}% 50
\BOOKMARK [0][-]{chapter.5}{เงื่อนไขและการเรียกซ้ำ}{}% 51
\BOOKMARK [1][-]{section.5.1}{การหารปัดเศษลง และโมดูลัส}{chapter.5}% 52
\BOOKMARK [1][-]{section.5.2}{นิพจน์บูลีน}{chapter.5}% 53
\BOOKMARK [1][-]{section.5.3}{ตัวดำเนินการทางตรรกะ}{chapter.5}% 54
\BOOKMARK [1][-]{section.5.4}{การดำเนินการตามเงื่อนไข}{chapter.5}% 55
\BOOKMARK [1][-]{section.5.5}{การดำเนินการทางเลือก}{chapter.5}% 56
\BOOKMARK [1][-]{section.5.6}{เงื่อนไขลูกโซ่}{chapter.5}% 57
\BOOKMARK [1][-]{section.5.7}{เงื่อนไขซ้อนใน}{chapter.5}% 58
\BOOKMARK [1][-]{section.5.8}{การเรียกซ้ำ}{chapter.5}% 59
\BOOKMARK [1][-]{section.5.9}{แผนภาพแบบกองซ้อนสำหรับฟังก์ชันเรียกซ้ำ}{chapter.5}% 60
\BOOKMARK [1][-]{section.5.10}{การเรียกซ้ำไม่รู้จบ}{chapter.5}% 61
\BOOKMARK [1][-]{section.5.11}{การนำเข้าข้อมูลผ่านคีย์บอร์ด}{chapter.5}% 62
\BOOKMARK [1][-]{section.5.12}{การดีบัก}{chapter.5}% 63
\BOOKMARK [1][-]{section.5.13}{อภิธานศัพท์}{chapter.5}% 64
\BOOKMARK [1][-]{section.5.14}{แบบฝึกหัด}{chapter.5}% 65
\BOOKMARK [0][-]{chapter.6}{ฟังก์ชันที่ให้ผล}{}% 66
\BOOKMARK [1][-]{section.6.1}{ค่าคืนกลับ}{chapter.6}% 67
\BOOKMARK [1][-]{section.6.2}{การพัฒนาโปรแกรมแบบเพิ่มส่วน}{chapter.6}% 68
\BOOKMARK [1][-]{section.6.3}{การประกอบ}{chapter.6}% 69
\BOOKMARK [1][-]{section.6.4}{ฟังก์ชันบูลีน}{chapter.6}% 70
\BOOKMARK [1][-]{section.6.5}{การเรียกซ้ำ เพิ่มเติม}{chapter.6}% 71
\BOOKMARK [1][-]{section.6.6}{การปล่อยไปตามโชคชะตา}{chapter.6}% 72
\BOOKMARK [1][-]{section.6.7}{อีกตัวอย่างหนึ่ง}{chapter.6}% 73
\BOOKMARK [1][-]{section.6.8}{การตรวจสอบชนิดของข้อมูล}{chapter.6}% 74
\BOOKMARK [1][-]{section.6.9}{การดีบัก}{chapter.6}% 75
\BOOKMARK [1][-]{section.6.10}{อภิธานศัพท์}{chapter.6}% 76
\BOOKMARK [1][-]{section.6.11}{แบบฝึกหัด}{chapter.6}% 77
\BOOKMARK [0][-]{chapter.7}{การวนซ้ำ}{}% 78
\BOOKMARK [1][-]{section.7.1}{การกำหนดค่าให้ใหม่}{chapter.7}% 79
\BOOKMARK [1][-]{section.7.2}{การปรับค่าตัวแปร}{chapter.7}% 80
\BOOKMARK [1][-]{section.7.3}{คำสั่ง while}{chapter.7}% 81
\BOOKMARK [1][-]{section.7.4}{คำสั่ง break}{chapter.7}% 82
\BOOKMARK [1][-]{section.7.5}{รากที่สอง}{chapter.7}% 83
\BOOKMARK [1][-]{section.7.6}{อัลกอริทึม}{chapter.7}% 84
\BOOKMARK [1][-]{section.7.7}{การดีบัก}{chapter.7}% 85
\BOOKMARK [1][-]{section.7.8}{อภิธานศัพท์}{chapter.7}% 86
\BOOKMARK [1][-]{section.7.9}{แบบฝึกหัด}{chapter.7}% 87
\BOOKMARK [0][-]{chapter.8}{สายอักขระ}{}% 88
\BOOKMARK [1][-]{section.8.1}{สายอักขระเป็นลำดับ}{chapter.8}% 89
\BOOKMARK [1][-]{section.8.2}{ฟังก์ชัน len}{chapter.8}% 90
\BOOKMARK [1][-]{section.8.3}{การแวะผ่านด้วยลูป for}{chapter.8}% 91
\BOOKMARK [1][-]{section.8.4}{แผ่นของสายอักขระ}{chapter.8}% 92
\BOOKMARK [1][-]{section.8.5}{สายอักขระเปลี่ยนแปลงไม่ได้}{chapter.8}% 93
\BOOKMARK [1][-]{section.8.6}{การค้นหา}{chapter.8}% 94
\BOOKMARK [1][-]{section.8.7}{การทำลูปและการนับ}{chapter.8}% 95
\BOOKMARK [1][-]{section.8.8}{เมธอดของสายอักขระ}{chapter.8}% 96
\BOOKMARK [1][-]{section.8.9}{ตัวดำเนินการ in}{chapter.8}% 97
\BOOKMARK [1][-]{section.8.10}{การเปรียบเทียบสายอักขระ}{chapter.8}% 98
\BOOKMARK [1][-]{section.8.11}{การดีบัก}{chapter.8}% 99
\BOOKMARK [1][-]{section.8.12}{อภิธานศัพท์}{chapter.8}% 100
\BOOKMARK [1][-]{section.8.13}{แบบฝึกหัด}{chapter.8}% 101
\BOOKMARK [0][-]{chapter.9}{กรณีศึกษา เกมทายคำ}{}% 102
\BOOKMARK [1][-]{section.9.1}{การอ่านรายการของคำ}{chapter.9}% 103
\BOOKMARK [1][-]{section.9.2}{แบบฝึกหัด}{chapter.9}% 104
\BOOKMARK [1][-]{section.9.3}{การค้นหา}{chapter.9}% 105
\BOOKMARK [1][-]{section.9.4}{ลูปด้วยดัชนี}{chapter.9}% 106
\BOOKMARK [1][-]{section.9.5}{การดีบัก}{chapter.9}% 107
\BOOKMARK [1][-]{section.9.6}{อภิธานศัพท์}{chapter.9}% 108
\BOOKMARK [1][-]{section.9.7}{แบบฝึกหัด}{chapter.9}% 109
\BOOKMARK [0][-]{chapter.10}{ลิสต์}{}% 110
\BOOKMARK [1][-]{section.10.1}{ลิสต์เป็นชุดลำดับ}{chapter.10}% 111
\BOOKMARK [1][-]{section.10.2}{ลิสต์เป็นชนิดข้อมูลที่เปลี่ยนแปลงได้}{chapter.10}% 112
\BOOKMARK [1][-]{section.10.3}{การท่องสำรวจลิสต์}{chapter.10}% 113
\BOOKMARK [1][-]{section.10.4}{การดำเนินการกับลิสต์}{chapter.10}% 114
\BOOKMARK [1][-]{section.10.5}{การตัดช่วงลิสต์}{chapter.10}% 115
\BOOKMARK [1][-]{section.10.6}{เมธอดต่าง ๆ ของลิสต์}{chapter.10}% 116
\BOOKMARK [1][-]{section.10.7}{การแปลง การกรอง และการยุบ}{chapter.10}% 117
\BOOKMARK [1][-]{section.10.8}{การลบอิลิเมนต์}{chapter.10}% 118
\BOOKMARK [1][-]{section.10.9}{ลิสต์และสายอักขระ}{chapter.10}% 119
\BOOKMARK [1][-]{section.10.10}{ออบเจ๊คต์และค่า}{chapter.10}% 120
\BOOKMARK [1][-]{section.10.11}{การทำสมนาม}{chapter.10}% 121
\BOOKMARK [1][-]{section.10.12}{อาร์กิวเมนต์ที่เป็นลิสต์}{chapter.10}% 122
\BOOKMARK [1][-]{section.10.13}{การดีบัก}{chapter.10}% 123
\BOOKMARK [1][-]{section.10.14}{อภิธานศัพท์}{chapter.10}% 124
\BOOKMARK [1][-]{section.10.15}{แบบฝึกหัด}{chapter.10}% 125
\BOOKMARK [0][-]{chapter.11}{ดิกชันนารี}{}% 126
\BOOKMARK [1][-]{section.11.1}{ดิกชันนารีเป็นการแปลง}{chapter.11}% 127
\BOOKMARK [1][-]{section.11.2}{ดิกชันนารีเป็นกลุ่มหมู่ของตัวนับ}{chapter.11}% 128
\BOOKMARK [1][-]{section.11.3}{ลูปและดิกชันนารี}{chapter.11}% 129
\BOOKMARK [1][-]{section.11.4}{การเทียบค้นย้อนกลับ}{chapter.11}% 130
\BOOKMARK [1][-]{section.11.5}{ดิกชันนารีและลิสต์}{chapter.11}% 131
\BOOKMARK [1][-]{section.11.6}{เมโม}{chapter.11}% 132
\BOOKMARK [1][-]{section.11.7}{ตัวแปรส่วนกลาง}{chapter.11}% 133
\BOOKMARK [1][-]{section.11.8}{การดีบัก}{chapter.11}% 134
\BOOKMARK [1][-]{section.11.9}{อภิธานศัพท์}{chapter.11}% 135
\BOOKMARK [1][-]{section.11.10}{แบบฝึกหัด}{chapter.11}% 136
\BOOKMARK [0][-]{chapter.12}{ทูเพิล}{}% 137
\BOOKMARK [1][-]{section.12.1}{ทูเพิลไม่สามารถเปลี่ยนแปลงได้}{chapter.12}% 138
\BOOKMARK [1][-]{section.12.2}{การกำหนดค่าทูเพิล}{chapter.12}% 139
\BOOKMARK [1][-]{section.12.3}{ทูเพิลที่ใช้เป็นค่าที่รีเทิร์นออกมา}{chapter.12}% 140
\BOOKMARK [1][-]{section.12.4}{ทูเพิลที่ใช้เป็นอาร์กิวเมนต์ความยาวแปรผัน}{chapter.12}% 141
\BOOKMARK [1][-]{section.12.5}{ลิสต์และทูเพิล}{chapter.12}% 142
\BOOKMARK [1][-]{section.12.6}{ดิกชันนารีและทูเพิล}{chapter.12}% 143
\BOOKMARK [1][-]{section.12.7}{ลำดับข้อมูลของลำดับข้อมูล}{chapter.12}% 144
\BOOKMARK [1][-]{section.12.8}{การดีบัก}{chapter.12}% 145
\BOOKMARK [1][-]{section.12.9}{อภิธานศัพท์}{chapter.12}% 146
\BOOKMARK [1][-]{section.12.10}{แบบฝึกหัด}{chapter.12}% 147
\BOOKMARK [0][-]{chapter.13}{กรณีศึกษา การเลือกโครงสร้างข้อมูล}{}% 148
\BOOKMARK [1][-]{section.13.1}{การวิเคราะห์ความถี่คำ}{chapter.13}% 149
\BOOKMARK [1][-]{section.13.2}{ตัวเลขค่าสุ่ม}{chapter.13}% 150
\BOOKMARK [1][-]{section.13.3}{ฮิสโตแกรมคำ}{chapter.13}% 151
\BOOKMARK [1][-]{section.13.4}{คำที่พบบ่อยที่สุด}{chapter.13}% 152
\BOOKMARK [1][-]{section.13.5}{พารามิเตอร์เสริม}{chapter.13}% 153
\BOOKMARK [1][-]{section.13.6}{การลบดิกชันนารี}{chapter.13}% 154
\BOOKMARK [1][-]{section.13.7}{คำสุ่ม}{chapter.13}% 155
\BOOKMARK [1][-]{section.13.8}{การวิเคราะห์มาร์คอฟ}{chapter.13}% 156
\BOOKMARK [1][-]{section.13.9}{โครงสร้างข้อมูล}{chapter.13}% 157
\BOOKMARK [1][-]{section.13.10}{การดีบัก}{chapter.13}% 158
\BOOKMARK [1][-]{section.13.11}{อภิธานศัพท์}{chapter.13}% 159
\BOOKMARK [1][-]{section.13.12}{แบบฝึกหัด}{chapter.13}% 160
\BOOKMARK [0][-]{chapter.14}{ไฟล์}{}% 161
\BOOKMARK [1][-]{section.14.1}{ความคงอยู่}{chapter.14}% 162
\BOOKMARK [1][-]{section.14.2}{การอ่าน และการเขียน}{chapter.14}% 163
\BOOKMARK [1][-]{section.14.3}{ตัวดำเนินการจัดรูปแบบ}{chapter.14}% 164
\BOOKMARK [1][-]{section.14.4}{ชื่อไฟล์และเส้นทาง}{chapter.14}% 165
\BOOKMARK [1][-]{section.14.5}{การจับเอ็กเซ็ปชั่น}{chapter.14}% 166
\BOOKMARK [1][-]{section.14.6}{ฐานข้อมูล}{chapter.14}% 167
\BOOKMARK [1][-]{section.14.7}{การทำพิกเกิล}{chapter.14}% 168
\BOOKMARK [1][-]{section.14.8}{ไปป์}{chapter.14}% 169
\BOOKMARK [1][-]{section.14.9}{การเขียนโมดูล}{chapter.14}% 170
\BOOKMARK [1][-]{section.14.10}{การดีบัก}{chapter.14}% 171
\BOOKMARK [1][-]{section.14.11}{อภิธานศัพท์}{chapter.14}% 172
\BOOKMARK [1][-]{section.14.12}{แบบฝึกหัด}{chapter.14}% 173
\BOOKMARK [0][-]{chapter.15}{คลาสและออบเจ๊คต์}{}% 174
\BOOKMARK [1][-]{section.15.1}{ชนิดข้อมูลที่ผู้เขียนโปรแกรมกำหนดเอง}{chapter.15}% 175
\BOOKMARK [1][-]{section.15.2}{แอตทริบิวต์}{chapter.15}% 176
\BOOKMARK [1][-]{section.15.3}{รูปสี่เหลี่ยม}{chapter.15}% 177
\BOOKMARK [1][-]{section.15.4}{อิสแสตนซ์เป็นค่าคืนกลับ}{chapter.15}% 178
\BOOKMARK [1][-]{section.15.5}{ออบเจ๊คต์เป็นชนิดข้อมูลที่เปลี่ยนแปลงได้}{chapter.15}% 179
\BOOKMARK [1][-]{section.15.6}{การทำสำเนา}{chapter.15}% 180
\BOOKMARK [1][-]{section.15.7}{การดีบัก}{chapter.15}% 181
\BOOKMARK [1][-]{section.15.8}{อภิธานศัพท์}{chapter.15}% 182
\BOOKMARK [1][-]{section.15.9}{แบบฝึกหัด}{chapter.15}% 183
\BOOKMARK [0][-]{chapter.16}{คลาสและฟังก์ชัน}{}% 184
\BOOKMARK [1][-]{section.16.1}{เวลา}{chapter.16}% 185
\BOOKMARK [1][-]{section.16.2}{ฟังก์ชันบริสุทธิ์}{chapter.16}% 186
\BOOKMARK [1][-]{section.16.3}{ตัวดัดแปลง}{chapter.16}% 187
\BOOKMARK [1][-]{section.16.4}{การสร้างต้นแบบเทียบกับการวางแผน}{chapter.16}% 188
\BOOKMARK [1][-]{section.16.5}{การดีบัก}{chapter.16}% 189
\BOOKMARK [1][-]{section.16.6}{อภิธานศัพท์}{chapter.16}% 190
\BOOKMARK [1][-]{section.16.7}{แบบฝึกหัด}{chapter.16}% 191
\BOOKMARK [0][-]{chapter.17}{คลาสและเมธอด}{}% 192
\BOOKMARK [1][-]{section.17.1}{คุณสมบัติเชิงวัตถุ}{chapter.17}% 193
\BOOKMARK [1][-]{section.17.2}{การพิมพ์ออบเจ๊คต์}{chapter.17}% 194
\BOOKMARK [1][-]{section.17.3}{อีกตัวอย่าง}{chapter.17}% 195
\BOOKMARK [1][-]{section.17.4}{ตัวอย่างที่ซับซ้อนมากขึ้น}{chapter.17}% 196
\BOOKMARK [1][-]{section.17.5}{เมธอด init}{chapter.17}% 197
\BOOKMARK [1][-]{section.17.6}{เมธอด __str__}{chapter.17}% 198
\BOOKMARK [1][-]{section.17.7}{การโอเวอร์โหลดตัวดำเนินการ}{chapter.17}% 199
\BOOKMARK [1][-]{section.17.8}{การจัดการตามชนิดข้อมูล}{chapter.17}% 200
\BOOKMARK [1][-]{section.17.9}{ภาวะพหุสัณฐาน}{chapter.17}% 201
\BOOKMARK [1][-]{section.17.10}{การดีบัก}{chapter.17}% 202
\BOOKMARK [1][-]{section.17.11}{ส่วนต่อประสานและการพัฒนา}{chapter.17}% 203
\BOOKMARK [1][-]{section.17.12}{อภิธานศัพท์}{chapter.17}% 204
\BOOKMARK [1][-]{section.17.13}{แบบฝึกหัด}{chapter.17}% 205
\BOOKMARK [0][-]{chapter.18}{การสืบทอด}{}% 206
\BOOKMARK [1][-]{section.18.1}{ออบเจ๊คต์ไพ่}{chapter.18}% 207
\BOOKMARK [1][-]{section.18.2}{แอตทริบิวต์ของคลาส}{chapter.18}% 208
\BOOKMARK [1][-]{section.18.3}{การเปรียบเทียบไพ่}{chapter.18}% 209
\BOOKMARK [1][-]{section.18.4}{สำรับ}{chapter.18}% 210
\BOOKMARK [1][-]{section.18.5}{การพิมพ์สำรับ}{chapter.18}% 211
\BOOKMARK [1][-]{section.18.6}{เพิ่ม ลบ สับเปลี่ยน และจัดเรียง}{chapter.18}% 212
\BOOKMARK [1][-]{section.18.7}{การสืบทอด}{chapter.18}% 213
\BOOKMARK [1][-]{section.18.8}{แผนภาพคลาส}{chapter.18}% 214
\BOOKMARK [1][-]{section.18.9}{การดีบัก}{chapter.18}% 215
\BOOKMARK [1][-]{section.18.10}{การห่อหุ้มข้อมูล}{chapter.18}% 216
\BOOKMARK [1][-]{section.18.11}{อภิธานศัพท์}{chapter.18}% 217
\BOOKMARK [1][-]{section.18.12}{แบบฝึกหัด}{chapter.18}% 218
\BOOKMARK [0][-]{chapter.19}{ของดี ๆ}{}% 219
\BOOKMARK [1][-]{section.19.1}{นิพจน์เงื่อนไข}{chapter.19}% 220
\BOOKMARK [1][-]{section.19.2}{การสรุปความลิสต์}{chapter.19}% 221
\BOOKMARK [1][-]{section.19.3}{นิพจน์ตัวสร้าง}{chapter.19}% 222
\BOOKMARK [1][-]{section.19.4}{ฟังก์ชัน any และฟังก์ชัน all}{chapter.19}% 223
\BOOKMARK [1][-]{section.19.5}{เซต}{chapter.19}% 224
\BOOKMARK [1][-]{section.19.6}{ตัวนับ}{chapter.19}% 225
\BOOKMARK [1][-]{section.19.7}{ดิกต์ค่าเริ่มต้น}{chapter.19}% 226
\BOOKMARK [1][-]{section.19.8}{เนมทูเพิล}{chapter.19}% 227
\BOOKMARK [1][-]{section.19.9}{การรวบรวมพารามิเตอร์ด้วยคีย์เวิร์ด args}{chapter.19}% 228
\BOOKMARK [1][-]{section.19.10}{อภิธานศัพท์}{chapter.19}% 229
\BOOKMARK [1][-]{section.19.11}{แบบฝึกหัด}{chapter.19}% 230
\BOOKMARK [0][-]{appendix.A}{การดีบัก}{}% 231
\BOOKMARK [1][-]{section.A.1}{ข้อผิดพลาดเชิงวากยสัมพันธ์}{appendix.A}% 232
\BOOKMARK [1][-]{section.A.2}{ข้อผิดพลาดเวลาดำเนินการ}{appendix.A}% 233
\BOOKMARK [1][-]{section.A.3}{ข้อผิดพลาดเชิงความหมาย}{appendix.A}% 234
\BOOKMARK [0][-]{appendix.B}{การวิเคราะห์อัลกอริทึม}{}% 235
\BOOKMARK [1][-]{section.B.1}{ลำดับการเติบโต}{appendix.B}% 236
\BOOKMARK [1][-]{section.B.2}{การวิเคราะห์การทำงานพื้นฐานของไพธอน}{appendix.B}% 237
\BOOKMARK [1][-]{section.B.3}{การวิเคราะห์อัลกอริธึมการค้นหา}{appendix.B}% 238
\BOOKMARK [1][-]{section.B.4}{ตารางแฮช}{appendix.B}% 239
\BOOKMARK [1][-]{section.B.5}{อภิธานศัพท์}{appendix.B}% 240
